[28-Nov-2025 11:25:01 Asia/Ho_Chi_Minh] ===============================================================================
[28-Nov-2025 11:25:01 Asia/Ho_Chi_Minh] [Cron-DriverReminder] Job started at: 2025-11-28 11:25:01
[28-Nov-2025 11:25:01 Asia/Ho_Chi_Minh] [Database] Connected successfully to xegoo_db
[28-Nov-2025 11:25:01 Asia/Ho_Chi_Minh] [DriverReminder] === START DRIVER REMINDER PROCESS ===
[28-Nov-2025 11:25:01 Asia/Ho_Chi_Minh] [DriverReminder] Current server time: 2025-11-28 11:25:01
[28-Nov-2025 11:25:01 Asia/Ho_Chi_Minh] [DriverReminder] Query params - Start: 2025-11-28 11:25:01, End: 2025-11-28 11:55:01
[28-Nov-2025 11:25:01 Asia/Ho_Chi_Minh] [DriverReminder] Found 0 trips departing in next 30 minutes
[28-Nov-2025 11:25:01 Asia/Ho_Chi_Minh] [DriverReminder] === DRIVER REMINDER PROCESS COMPLETED ===
[28-Nov-2025 11:25:01 Asia/Ho_Chi_Minh] [DriverReminder] Reminders sent: 0, Failed: 0
[28-Nov-2025 11:25:01 Asia/Ho_Chi_Minh] [Cron-DriverReminder] Result: {"success":true,"message":"G\u1eedi th\u00e0nh c\u00f4ng 0 th\u00f4ng b\u00e1o, l\u1ed7i 0","remindersSent":0,"remindersFailed":0}
[28-Nov-2025 11:25:01 Asia/Ho_Chi_Minh] [Cron-DriverReminder] Job completed at: 2025-11-28 11:25:01
[28-Nov-2025 11:25:01 Asia/Ho_Chi_Minh] ===============================================================================

[28-Nov-2025 11:30:01 Asia/Ho_Chi_Minh] ===============================================================================
[28-Nov-2025 11:30:01 Asia/Ho_Chi_Minh] [Cron-DriverReminder] Job started at: 2025-11-28 11:30:01
[28-Nov-2025 11:30:01 Asia/Ho_Chi_Minh] [Database] Connected successfully to xegoo_db
[28-Nov-2025 11:30:01 Asia/Ho_Chi_Minh] [DriverReminder] === START DRIVER REMINDER PROCESS ===
[28-Nov-2025 11:30:01 Asia/Ho_Chi_Minh] [DriverReminder] Current server time: 2025-11-28 11:30:01
[28-Nov-2025 11:30:01 Asia/Ho_Chi_Minh] [DriverReminder] Query params - Start: 2025-11-28 11:30:01, End: 2025-11-28 12:00:01
[28-Nov-2025 11:30:01 Asia/Ho_Chi_Minh] [DriverReminder] Found 1 trips departing in next 30 minutes
[28-Nov-2025 11:30:01 Asia/Ho_Chi_Minh] [DriverReminder] Processing trip: 1035, departure: 2025-11-28 12:00:00
[28-Nov-2025 11:30:01 Asia/Ho_Chi_Minh] [DriverReminder] Created notification for driver 14 for trip 1035
[28-Nov-2025 11:30:01 Asia/Ho_Chi_Minh] [DriverReminder] ✅ Reminder sent to driver: Hà Văn La for trip 1035
[28-Nov-2025 11:30:01 Asia/Ho_Chi_Minh] [DriverReminder] === DRIVER REMINDER PROCESS COMPLETED ===
[28-Nov-2025 11:30:01 Asia/Ho_Chi_Minh] [DriverReminder] Reminders sent: 1, Failed: 0
[28-Nov-2025 11:30:01 Asia/Ho_Chi_Minh] [Cron-DriverReminder] Result: {"success":true,"message":"G\u1eedi th\u00e0nh c\u00f4ng 1 th\u00f4ng b\u00e1o, l\u1ed7i 0","remindersSent":1,"remindersFailed":0}
[28-Nov-2025 11:30:01 Asia/Ho_Chi_Minh] [Cron-DriverReminder] Job completed at: 2025-11-28 11:30:01
[28-Nov-2025 11:30:01 Asia/Ho_Chi_Minh] ===============================================================================

[28-Nov-2025 11:35:01 Asia/Ho_Chi_Minh] ===============================================================================
[28-Nov-2025 11:35:01 Asia/Ho_Chi_Minh] [Cron-DriverReminder] Job started at: 2025-11-28 11:35:01
[28-Nov-2025 11:35:01 Asia/Ho_Chi_Minh] [Database] Connected successfully to xegoo_db
[28-Nov-2025 11:35:01 Asia/Ho_Chi_Minh] [DriverReminder] === START DRIVER REMINDER PROCESS ===
[28-Nov-2025 11:35:01 Asia/Ho_Chi_Minh] [DriverReminder] Current server time: 2025-11-28 11:35:01
[28-Nov-2025 11:35:01 Asia/Ho_Chi_Minh] [DriverReminder] Query params - Start: 2025-11-28 11:35:01, End: 2025-11-28 12:05:01
[28-Nov-2025 11:35:01 Asia/Ho_Chi_Minh] [DriverReminder] Found 1 trips departing in next 30 minutes
[28-Nov-2025 11:35:01 Asia/Ho_Chi_Minh] [DriverReminder] Processing trip: 1035, departure: 2025-11-28 12:00:00
[28-Nov-2025 11:35:01 Asia/Ho_Chi_Minh] [DriverReminder] Created notification for driver 14 for trip 1035
[28-Nov-2025 11:35:01 Asia/Ho_Chi_Minh] [DriverReminder] ✅ Reminder sent to driver: Hà Văn La for trip 1035
[28-Nov-2025 11:35:01 Asia/Ho_Chi_Minh] [DriverReminder] === DRIVER REMINDER PROCESS COMPLETED ===
[28-Nov-2025 11:35:01 Asia/Ho_Chi_Minh] [DriverReminder] Reminders sent: 1, Failed: 0
[28-Nov-2025 11:35:01 Asia/Ho_Chi_Minh] [Cron-DriverReminder] Result: {"success":true,"message":"G\u1eedi th\u00e0nh c\u00f4ng 1 th\u00f4ng b\u00e1o, l\u1ed7i 0","remindersSent":1,"remindersFailed":0}
[28-Nov-2025 11:35:01 Asia/Ho_Chi_Minh] [Cron-DriverReminder] Job completed at: 2025-11-28 11:35:01
[28-Nov-2025 11:35:01 Asia/Ho_Chi_Minh] ===============================================================================

[28-Nov-2025 11:40:01 Asia/Ho_Chi_Minh] ===============================================================================
[28-Nov-2025 11:40:01 Asia/Ho_Chi_Minh] [Cron-DriverReminder] Job started at: 2025-11-28 11:40:01
[28-Nov-2025 11:40:01 Asia/Ho_Chi_Minh] [Database] Connected successfully to xegoo_db
[28-Nov-2025 11:40:01 Asia/Ho_Chi_Minh] [DriverReminder] === START DRIVER REMINDER PROCESS ===
[28-Nov-2025 11:40:01 Asia/Ho_Chi_Minh] [DriverReminder] Current server time: 2025-11-28 11:40:01
[28-Nov-2025 11:40:01 Asia/Ho_Chi_Minh] [DriverReminder] Query params - Start: 2025-11-28 11:40:01, End: 2025-11-28 12:10:01
[28-Nov-2025 11:40:01 Asia/Ho_Chi_Minh] [DriverReminder] Found 1 trips departing in next 30 minutes
[28-Nov-2025 11:40:01 Asia/Ho_Chi_Minh] [DriverReminder] Processing trip: 1035, departure: 2025-11-28 12:00:00
[28-Nov-2025 11:40:01 Asia/Ho_Chi_Minh] [DriverReminder] Created notification for driver 14 for trip 1035
[28-Nov-2025 11:40:01 Asia/Ho_Chi_Minh] [DriverReminder] ✅ Reminder sent to driver: Hà Văn La for trip 1035
[28-Nov-2025 11:40:01 Asia/Ho_Chi_Minh] [DriverReminder] === DRIVER REMINDER PROCESS COMPLETED ===
[28-Nov-2025 11:40:01 Asia/Ho_Chi_Minh] [DriverReminder] Reminders sent: 1, Failed: 0
[28-Nov-2025 11:40:01 Asia/Ho_Chi_Minh] [Cron-DriverReminder] Result: {"success":true,"message":"G\u1eedi th\u00e0nh c\u00f4ng 1 th\u00f4ng b\u00e1o, l\u1ed7i 0","remindersSent":1,"remindersFailed":0}
[28-Nov-2025 11:40:01 Asia/Ho_Chi_Minh] [Cron-DriverReminder] Job completed at: 2025-11-28 11:40:01
[28-Nov-2025 11:40:01 Asia/Ho_Chi_Minh] ===============================================================================

[28-Nov-2025 11:45:01 Asia/Ho_Chi_Minh] ===============================================================================
[28-Nov-2025 11:45:01 Asia/Ho_Chi_Minh] [Cron-DriverReminder] Job started at: 2025-11-28 11:45:01
[28-Nov-2025 11:45:01 Asia/Ho_Chi_Minh] [Database] Connected successfully to xegoo_db
[28-Nov-2025 11:45:01 Asia/Ho_Chi_Minh] [DriverReminder] === START DRIVER REMINDER PROCESS ===
[28-Nov-2025 11:45:01 Asia/Ho_Chi_Minh] [DriverReminder] Current server time: 2025-11-28 11:45:01
[28-Nov-2025 11:45:01 Asia/Ho_Chi_Minh] [DriverReminder] Query params - Start: 2025-11-28 11:45:01, End: 2025-11-28 12:15:01
[28-Nov-2025 11:45:01 Asia/Ho_Chi_Minh] [DriverReminder] Found 1 trips departing in next 30 minutes
[28-Nov-2025 11:45:01 Asia/Ho_Chi_Minh] [DriverReminder] Processing trip: 1035, departure: 2025-11-28 12:00:00
[28-Nov-2025 11:45:01 Asia/Ho_Chi_Minh] [DriverReminder] Created notification for driver 14 for trip 1035
[28-Nov-2025 11:45:01 Asia/Ho_Chi_Minh] [DriverReminder] ✅ Reminder sent to driver: Hà Văn La for trip 1035
[28-Nov-2025 11:45:01 Asia/Ho_Chi_Minh] [DriverReminder] === DRIVER REMINDER PROCESS COMPLETED ===
[28-Nov-2025 11:45:01 Asia/Ho_Chi_Minh] [DriverReminder] Reminders sent: 1, Failed: 0
[28-Nov-2025 11:45:01 Asia/Ho_Chi_Minh] [Cron-DriverReminder] Result: {"success":true,"message":"G\u1eedi th\u00e0nh c\u00f4ng 1 th\u00f4ng b\u00e1o, l\u1ed7i 0","remindersSent":1,"remindersFailed":0}
[28-Nov-2025 11:45:01 Asia/Ho_Chi_Minh] [Cron-DriverReminder] Job completed at: 2025-11-28 11:45:01
[28-Nov-2025 11:45:01 Asia/Ho_Chi_Minh] ===============================================================================

[28-Nov-2025 11:50:01 Asia/Ho_Chi_Minh] ===============================================================================
[28-Nov-2025 11:50:01 Asia/Ho_Chi_Minh] [Cron-DriverReminder] Job started at: 2025-11-28 11:50:01
[28-Nov-2025 11:50:01 Asia/Ho_Chi_Minh] [Database] Connected successfully to xegoo_db
[28-Nov-2025 11:50:01 Asia/Ho_Chi_Minh] [DriverReminder] === START DRIVER REMINDER PROCESS ===
[28-Nov-2025 11:50:01 Asia/Ho_Chi_Minh] [DriverReminder] Current server time: 2025-11-28 11:50:01
[28-Nov-2025 11:50:01 Asia/Ho_Chi_Minh] [DriverReminder] Query params - Start: 2025-11-28 11:50:01, End: 2025-11-28 12:20:01
[28-Nov-2025 11:50:01 Asia/Ho_Chi_Minh] [DriverReminder] Found 1 trips departing in next 30 minutes
[28-Nov-2025 11:50:01 Asia/Ho_Chi_Minh] [DriverReminder] Processing trip: 1035, departure: 2025-11-28 12:00:00
[28-Nov-2025 11:50:01 Asia/Ho_Chi_Minh] [DriverReminder] Created notification for driver 14 for trip 1035
[28-Nov-2025 11:50:01 Asia/Ho_Chi_Minh] [DriverReminder] ✅ Reminder sent to driver: Hà Văn La for trip 1035
[28-Nov-2025 11:50:01 Asia/Ho_Chi_Minh] [DriverReminder] === DRIVER REMINDER PROCESS COMPLETED ===
[28-Nov-2025 11:50:01 Asia/Ho_Chi_Minh] [DriverReminder] Reminders sent: 1, Failed: 0
[28-Nov-2025 11:50:01 Asia/Ho_Chi_Minh] [Cron-DriverReminder] Result: {"success":true,"message":"G\u1eedi th\u00e0nh c\u00f4ng 1 th\u00f4ng b\u00e1o, l\u1ed7i 0","remindersSent":1,"remindersFailed":0}
[28-Nov-2025 11:50:01 Asia/Ho_Chi_Minh] [Cron-DriverReminder] Job completed at: 2025-11-28 11:50:01
[28-Nov-2025 11:50:01 Asia/Ho_Chi_Minh] ===============================================================================

[28-Nov-2025 11:55:01 Asia/Ho_Chi_Minh] ===============================================================================
[28-Nov-2025 11:55:01 Asia/Ho_Chi_Minh] [Cron-DriverReminder] Job started at: 2025-11-28 11:55:01
[28-Nov-2025 11:55:01 Asia/Ho_Chi_Minh] [Database] Connected successfully to xegoo_db
[28-Nov-2025 11:55:01 Asia/Ho_Chi_Minh] [DriverReminder] === START DRIVER REMINDER PROCESS ===
[28-Nov-2025 11:55:01 Asia/Ho_Chi_Minh] [DriverReminder] Current server time: 2025-11-28 11:55:01
[28-Nov-2025 11:55:01 Asia/Ho_Chi_Minh] [DriverReminder] Query params - Start: 2025-11-28 11:55:01, End: 2025-11-28 12:25:01
[28-Nov-2025 11:55:01 Asia/Ho_Chi_Minh] [DriverReminder] Found 1 trips departing in next 30 minutes
[28-Nov-2025 11:55:01 Asia/Ho_Chi_Minh] [DriverReminder] Processing trip: 1035, departure: 2025-11-28 12:00:00
[28-Nov-2025 11:55:01 Asia/Ho_Chi_Minh] [DriverReminder] Created notification for driver 14 for trip 1035
[28-Nov-2025 11:55:01 Asia/Ho_Chi_Minh] [DriverReminder] ✅ Reminder sent to driver: Hà Văn La for trip 1035
[28-Nov-2025 11:55:01 Asia/Ho_Chi_Minh] [DriverReminder] === DRIVER REMINDER PROCESS COMPLETED ===
[28-Nov-2025 11:55:01 Asia/Ho_Chi_Minh] [DriverReminder] Reminders sent: 1, Failed: 0
[28-Nov-2025 11:55:01 Asia/Ho_Chi_Minh] [Cron-DriverReminder] Result: {"success":true,"message":"G\u1eedi th\u00e0nh c\u00f4ng 1 th\u00f4ng b\u00e1o, l\u1ed7i 0","remindersSent":1,"remindersFailed":0}
[28-Nov-2025 11:55:01 Asia/Ho_Chi_Minh] [Cron-DriverReminder] Job completed at: 2025-11-28 11:55:01
[28-Nov-2025 11:55:01 Asia/Ho_Chi_Minh] ===============================================================================

[28-Nov-2025 12:00:01 Asia/Ho_Chi_Minh] ===============================================================================
[28-Nov-2025 12:00:01 Asia/Ho_Chi_Minh] [Cron-DriverReminder] Job started at: 2025-11-28 12:00:01
[28-Nov-2025 12:00:01 Asia/Ho_Chi_Minh] [Database] Connected successfully to xegoo_db
[28-Nov-2025 12:00:01 Asia/Ho_Chi_Minh] [DriverReminder] === START DRIVER REMINDER PROCESS ===
[28-Nov-2025 12:00:01 Asia/Ho_Chi_Minh] [DriverReminder] Current server time: 2025-11-28 12:00:01
[28-Nov-2025 12:00:01 Asia/Ho_Chi_Minh] [DriverReminder] Query params - Start: 2025-11-28 12:00:01, End: 2025-11-28 12:30:01
[28-Nov-2025 12:00:01 Asia/Ho_Chi_Minh] [DriverReminder] Found 2 trips departing in next 30 minutes
[28-Nov-2025 12:00:01 Asia/Ho_Chi_Minh] [DriverReminder] Processing trip: 1197, departure: 2025-11-28 12:30:00
[28-Nov-2025 12:00:01 Asia/Ho_Chi_Minh] [DriverReminder] Created notification for driver 12 for trip 1197
[28-Nov-2025 12:00:01 Asia/Ho_Chi_Minh] [DriverReminder] ✅ Reminder sent to driver: Trần Văn Dũng for trip 1197
[28-Nov-2025 12:00:01 Asia/Ho_Chi_Minh] [DriverReminder] Processing trip: 1170, departure: 2025-11-28 12:30:00
[28-Nov-2025 12:00:01 Asia/Ho_Chi_Minh] [DriverReminder] Created notification for driver 12 for trip 1170
[28-Nov-2025 12:00:01 Asia/Ho_Chi_Minh] [DriverReminder] ✅ Reminder sent to driver: Trần Văn Dũng for trip 1170
[28-Nov-2025 12:00:01 Asia/Ho_Chi_Minh] [DriverReminder] === DRIVER REMINDER PROCESS COMPLETED ===
[28-Nov-2025 12:00:01 Asia/Ho_Chi_Minh] [DriverReminder] Reminders sent: 2, Failed: 0
[28-Nov-2025 12:00:01 Asia/Ho_Chi_Minh] [Cron-DriverReminder] Result: {"success":true,"message":"G\u1eedi th\u00e0nh c\u00f4ng 2 th\u00f4ng b\u00e1o, l\u1ed7i 0","remindersSent":2,"remindersFailed":0}
[28-Nov-2025 12:00:01 Asia/Ho_Chi_Minh] [Cron-DriverReminder] Job completed at: 2025-11-28 12:00:01
[28-Nov-2025 12:00:01 Asia/Ho_Chi_Minh] ===============================================================================

[28-Nov-2025 12:05:01 Asia/Ho_Chi_Minh] ===============================================================================
[28-Nov-2025 12:05:01 Asia/Ho_Chi_Minh] [Cron-DriverReminder] Job started at: 2025-11-28 12:05:01
[28-Nov-2025 12:05:01 Asia/Ho_Chi_Minh] [Database] Connected successfully to xegoo_db
[28-Nov-2025 12:05:01 Asia/Ho_Chi_Minh] [DriverReminder] === START DRIVER REMINDER PROCESS ===
[28-Nov-2025 12:05:01 Asia/Ho_Chi_Minh] [DriverReminder] Current server time: 2025-11-28 12:05:01
[28-Nov-2025 12:05:01 Asia/Ho_Chi_Minh] [DriverReminder] Query params - Start: 2025-11-28 12:05:01, End: 2025-11-28 12:35:01
[28-Nov-2025 12:05:01 Asia/Ho_Chi_Minh] [DriverReminder] Found 2 trips departing in next 30 minutes
[28-Nov-2025 12:05:01 Asia/Ho_Chi_Minh] [DriverReminder] Processing trip: 1197, departure: 2025-11-28 12:30:00
[28-Nov-2025 12:05:01 Asia/Ho_Chi_Minh] [DriverReminder] Created notification for driver 12 for trip 1197
[28-Nov-2025 12:05:01 Asia/Ho_Chi_Minh] [DriverReminder] ✅ Reminder sent to driver: Trần Văn Dũng for trip 1197
[28-Nov-2025 12:05:01 Asia/Ho_Chi_Minh] [DriverReminder] Processing trip: 1170, departure: 2025-11-28 12:30:00
[28-Nov-2025 12:05:01 Asia/Ho_Chi_Minh] [DriverReminder] Created notification for driver 12 for trip 1170
[28-Nov-2025 12:05:01 Asia/Ho_Chi_Minh] [DriverReminder] ✅ Reminder sent to driver: Trần Văn Dũng for trip 1170
[28-Nov-2025 12:05:01 Asia/Ho_Chi_Minh] [DriverReminder] === DRIVER REMINDER PROCESS COMPLETED ===
[28-Nov-2025 12:05:01 Asia/Ho_Chi_Minh] [DriverReminder] Reminders sent: 2, Failed: 0
[28-Nov-2025 12:05:01 Asia/Ho_Chi_Minh] [Cron-DriverReminder] Result: {"success":true,"message":"G\u1eedi th\u00e0nh c\u00f4ng 2 th\u00f4ng b\u00e1o, l\u1ed7i 0","remindersSent":2,"remindersFailed":0}
[28-Nov-2025 12:05:01 Asia/Ho_Chi_Minh] [Cron-DriverReminder] Job completed at: 2025-11-28 12:05:01
[28-Nov-2025 12:05:01 Asia/Ho_Chi_Minh] ===============================================================================

[28-Nov-2025 12:10:01 Asia/Ho_Chi_Minh] ===============================================================================
[28-Nov-2025 12:10:01 Asia/Ho_Chi_Minh] [Cron-DriverReminder] Job started at: 2025-11-28 12:10:01
[28-Nov-2025 12:10:01 Asia/Ho_Chi_Minh] [Database] Connected successfully to xegoo_db
[28-Nov-2025 12:10:01 Asia/Ho_Chi_Minh] [DriverReminder] === START DRIVER REMINDER PROCESS ===
[28-Nov-2025 12:10:01 Asia/Ho_Chi_Minh] [DriverReminder] Current server time: 2025-11-28 12:10:01
[28-Nov-2025 12:10:01 Asia/Ho_Chi_Minh] [DriverReminder] Query params - Start: 2025-11-28 12:10:01, End: 2025-11-28 12:40:01
[28-Nov-2025 12:10:01 Asia/Ho_Chi_Minh] [DriverReminder] Found 2 trips departing in next 30 minutes
[28-Nov-2025 12:10:01 Asia/Ho_Chi_Minh] [DriverReminder] Processing trip: 1170, departure: 2025-11-28 12:30:00
[28-Nov-2025 12:10:01 Asia/Ho_Chi_Minh] [DriverReminder] Created notification for driver 12 for trip 1170
[28-Nov-2025 12:10:01 Asia/Ho_Chi_Minh] [DriverReminder] ✅ Reminder sent to driver: Trần Văn Dũng for trip 1170
[28-Nov-2025 12:10:01 Asia/Ho_Chi_Minh] [DriverReminder] Processing trip: 1197, departure: 2025-11-28 12:30:00
[28-Nov-2025 12:10:01 Asia/Ho_Chi_Minh] [DriverReminder] Created notification for driver 12 for trip 1197
[28-Nov-2025 12:10:01 Asia/Ho_Chi_Minh] [DriverReminder] ✅ Reminder sent to driver: Trần Văn Dũng for trip 1197
[28-Nov-2025 12:10:01 Asia/Ho_Chi_Minh] [DriverReminder] === DRIVER REMINDER PROCESS COMPLETED ===
[28-Nov-2025 12:10:01 Asia/Ho_Chi_Minh] [DriverReminder] Reminders sent: 2, Failed: 0
[28-Nov-2025 12:10:01 Asia/Ho_Chi_Minh] [Cron-DriverReminder] Result: {"success":true,"message":"G\u1eedi th\u00e0nh c\u00f4ng 2 th\u00f4ng b\u00e1o, l\u1ed7i 0","remindersSent":2,"remindersFailed":0}
[28-Nov-2025 12:10:01 Asia/Ho_Chi_Minh] [Cron-DriverReminder] Job completed at: 2025-11-28 12:10:01
[28-Nov-2025 12:10:01 Asia/Ho_Chi_Minh] ===============================================================================

