[13-Nov-2025 14:35:37 Asia/Ho_Chi_Minh] [v0] Config loaded - BASE_URL: http://localhost/xegoo
[13-Nov-2025 14:35:37 Asia/Ho_Chi_Minh] [v0] Router - Controller action completed successfully
[13-Nov-2025 14:35:37 Asia/Ho_Chi_Minh] [v0] Config loaded - BASE_URL: http://localhost/xegoo
[13-Nov-2025 14:35:37 Asia/Ho_Chi_Minh] [v0] Router - About to call SearchController::cities
[13-Nov-2025 14:35:37 Asia/Ho_Chi_Minh] [Database] Connected successfully to xegoo_db
[13-Nov-2025 14:35:37 Asia/Ho_Chi_Minh] [v0] Router - Controller action completed successfully
[13-Nov-2025 14:35:37 Asia/Ho_Chi_Minh] [v0] Config loaded - BASE_URL: http://localhost/xegoo
[13-Nov-2025 14:35:37 Asia/Ho_Chi_Minh] [v0] Router - About to call SearchController::cities
[13-Nov-2025 14:35:37 Asia/Ho_Chi_Minh] [Database] Connected successfully to xegoo_db
[13-Nov-2025 14:35:37 Asia/Ho_Chi_Minh] [v0] Router - Controller action completed successfully
[13-Nov-2025 14:35:37 Asia/Ho_Chi_Minh] [v0] Config loaded - BASE_URL: http://localhost/xegoo
[13-Nov-2025 14:35:37 Asia/Ho_Chi_Minh] [v0] Router - About to call AdminController::index
[13-Nov-2025 14:35:37 Asia/Ho_Chi_Minh] [Database] Connected successfully to xegoo_db
[13-Nov-2025 14:35:37 Asia/Ho_Chi_Minh] [AdminController] Dashboard stats: {"vehicles":6,"routes":4,"schedules":7,"trips":153,"users":14,"prices":7}
[13-Nov-2025 14:35:37 Asia/Ho_Chi_Minh] [v0] Router - Controller action completed successfully
[13-Nov-2025 14:35:37 Asia/Ho_Chi_Minh] [v0] Config loaded - BASE_URL: http://localhost/xegoo
[13-Nov-2025 14:35:37 Asia/Ho_Chi_Minh] [v0] Router - About to call SearchController::cities
[13-Nov-2025 14:35:37 Asia/Ho_Chi_Minh] [Database] Connected successfully to xegoo_db
[13-Nov-2025 14:35:37 Asia/Ho_Chi_Minh] [v0] Router - Controller action completed successfully
[13-Nov-2025 14:35:49 Asia/Ho_Chi_Minh] [v0] Config loaded - BASE_URL: http://localhost/xegoo
[13-Nov-2025 14:35:49 Asia/Ho_Chi_Minh] [v0] Config loaded - BASE_URL: http://localhost/xegoo
[13-Nov-2025 14:35:49 Asia/Ho_Chi_Minh] [v0] Router - About to call SearchController::cities
[13-Nov-2025 14:35:49 Asia/Ho_Chi_Minh] [Database] Connected successfully to xegoo_db
[13-Nov-2025 14:35:49 Asia/Ho_Chi_Minh] [v0] Router - Controller action completed successfully
[13-Nov-2025 14:35:51 Asia/Ho_Chi_Minh] [v0] Config loaded - BASE_URL: http://localhost/xegoo
[13-Nov-2025 14:35:51 Asia/Ho_Chi_Minh] [v0] Router - About to call AdminController::index
[13-Nov-2025 14:35:51 Asia/Ho_Chi_Minh] [Database] Connected successfully to xegoo_db
[13-Nov-2025 14:35:51 Asia/Ho_Chi_Minh] [AdminController] Dashboard stats: {"vehicles":6,"routes":4,"schedules":7,"trips":153,"users":14,"prices":7}
[13-Nov-2025 14:35:51 Asia/Ho_Chi_Minh] [v0] Router - Controller action completed successfully
[13-Nov-2025 14:35:51 Asia/Ho_Chi_Minh] [v0] Config loaded - BASE_URL: http://localhost/xegoo
[13-Nov-2025 14:35:51 Asia/Ho_Chi_Minh] [v0] Router - About to call SearchController::cities
[13-Nov-2025 14:35:51 Asia/Ho_Chi_Minh] [Database] Connected successfully to xegoo_db
[13-Nov-2025 14:35:51 Asia/Ho_Chi_Minh] [v0] Router - Controller action completed successfully
[13-Nov-2025 14:36:38 Asia/Ho_Chi_Minh] [v0] Config loaded - BASE_URL: http://localhost/xegoo
[13-Nov-2025 14:36:38 Asia/Ho_Chi_Minh] [v0] Router - About to call PromotionalCodeController::index
[13-Nov-2025 14:36:38 Asia/Ho_Chi_Minh] [Database] Connected successfully to xegoo_db
[13-Nov-2025 14:36:38 Asia/Ho_Chi_Minh] [v0] Router - Controller action completed successfully
[13-Nov-2025 14:36:38 Asia/Ho_Chi_Minh] [v0] Config loaded - BASE_URL: http://localhost/xegoo
[13-Nov-2025 14:36:38 Asia/Ho_Chi_Minh] [v0] Router - About to call SearchController::cities
[13-Nov-2025 14:36:38 Asia/Ho_Chi_Minh] [Database] Connected successfully to xegoo_db
[13-Nov-2025 14:36:38 Asia/Ho_Chi_Minh] [v0] Router - Controller action completed successfully
[13-Nov-2025 14:36:41 Asia/Ho_Chi_Minh] [v0] Config loaded - BASE_URL: http://localhost/xegoo
[13-Nov-2025 14:36:41 Asia/Ho_Chi_Minh] [v0] Router - About to call AdminController::index
[13-Nov-2025 14:36:41 Asia/Ho_Chi_Minh] [Database] Connected successfully to xegoo_db
[13-Nov-2025 14:36:41 Asia/Ho_Chi_Minh] [AdminController] Dashboard stats: {"vehicles":6,"routes":4,"schedules":7,"trips":153,"users":14,"prices":7}
[13-Nov-2025 14:36:41 Asia/Ho_Chi_Minh] [v0] Router - Controller action completed successfully
[13-Nov-2025 14:36:41 Asia/Ho_Chi_Minh] [v0] Config loaded - BASE_URL: http://localhost/xegoo
[13-Nov-2025 14:36:41 Asia/Ho_Chi_Minh] [v0] Router - About to call SearchController::cities
[13-Nov-2025 14:36:41 Asia/Ho_Chi_Minh] [Database] Connected successfully to xegoo_db
[13-Nov-2025 14:36:41 Asia/Ho_Chi_Minh] [v0] Router - Controller action completed successfully
[13-Nov-2025 14:36:45 Asia/Ho_Chi_Minh] [v0] Config loaded - BASE_URL: http://localhost/xegoo
[13-Nov-2025 14:36:45 Asia/Ho_Chi_Minh] [v0] Router - About to call VehicleController::index
[13-Nov-2025 14:36:45 Asia/Ho_Chi_Minh] [Vehicle Search] SQL: SELECT p.*, lpt.tenLoaiPhuongTien, lpt.soChoMacDinh, lpt.loaiChoNgoiMacDinh, lpt.hangXe
                    FROM phuongtien p 
                    JOIN loaiphuongtien lpt ON p.maLoaiPhuongTien = lpt.maLoaiPhuongTien ORDER BY p.maPhuongTien DESC
[13-Nov-2025 14:36:45 Asia/Ho_Chi_Minh] [Vehicle Search] Params: []
[13-Nov-2025 14:36:45 Asia/Ho_Chi_Minh] [Database] Connected successfully to xegoo_db
[13-Nov-2025 14:36:45 Asia/Ho_Chi_Minh] [Vehicle Search] Results count: 6
[13-Nov-2025 14:36:45 Asia/Ho_Chi_Minh] [Vehicle Search] First few results: [{"maPhuongTien":31,"maLoaiPhuongTien":4,"bienSo":"51E-809854","trangThai":"\u0110ang ho\u1ea1t \u0111\u1ed9ng","tenLoaiPhuongTien":"Xe Gi\u01b0\u1eddng n\u1eb1m \u0111\u01a1n","soChoMacDinh":34,"loaiChoNgoiMacDinh":"Gi\u01b0\u1eddng \u0111\u01a1n","hangXe":"Thaco Mobihome"},{"maPhuongTien":30,"maLoaiPhuongTien":4,"bienSo":"51E-868761","trangThai":"\u0110ang ho\u1ea1t \u0111\u1ed9ng","tenLoaiPhuongTien":"Xe Gi\u01b0\u1eddng n\u1eb1m \u0111\u01a1n","soChoMacDinh":34,"loaiChoNgoiMacDinh":"Gi\u01b0\u1eddng \u0111\u01a1n","hangXe":"Thaco Mobihome"},{"maPhuongTien":29,"maLoaiPhuongTien":4,"bienSo":"50H-838765","trangThai":"\u0110ang ho\u1ea1t \u0111\u1ed9ng","tenLoaiPhuongTien":"Xe Gi\u01b0\u1eddng n\u1eb1m \u0111\u01a1n","soChoMacDinh":34,"loaiChoNgoiMacDinh":"Gi\u01b0\u1eddng \u0111\u01a1n","hangXe":"Thaco Mobihome"}]
[13-Nov-2025 14:36:45 Asia/Ho_Chi_Minh] [v0] Router - Controller action completed successfully
[13-Nov-2025 14:36:45 Asia/Ho_Chi_Minh] [v0] Config loaded - BASE_URL: http://localhost/xegoo
[13-Nov-2025 14:36:45 Asia/Ho_Chi_Minh] [v0] Router - About to call SearchController::cities
[13-Nov-2025 14:36:45 Asia/Ho_Chi_Minh] [Database] Connected successfully to xegoo_db
[13-Nov-2025 14:36:45 Asia/Ho_Chi_Minh] [v0] Router - Controller action completed successfully
[13-Nov-2025 14:36:50 Asia/Ho_Chi_Minh] [v0] Config loaded - BASE_URL: http://localhost/xegoo
[13-Nov-2025 14:36:50 Asia/Ho_Chi_Minh] [v0] Router - About to call VehicleController::delete
[13-Nov-2025 14:36:50 Asia/Ho_Chi_Minh] [Database] Connected successfully to xegoo_db
[13-Nov-2025 14:36:50 Asia/Ho_Chi_Minh] [Vehicle] Checking bookings for vehicle: 31
[13-Nov-2025 14:36:50 Asia/Ho_Chi_Minh] [Vehicle] SQL Query: SELECT COUNT(DISTINCT cx.maChuyenXe) as count 
                    FROM chuyenxe cx
                    WHERE cx.maPhuongTien = ?
                    AND cx.trangThai  IN ('Sẵn sàng','Khởi hành')
                    AND cx.ngayKhoiHanh >= CURDATE()
                    AND EXISTS (
                        SELECT 1 FROM chitiet_datve cd 
                        WHERE cd.maChuyenXe = cx.maChuyenXe
                        AND cd.trangThai = 'DaThanhToan'
                    )
[13-Nov-2025 14:36:50 Asia/Ho_Chi_Minh] [Vehicle] Current date: 2025-11-13 14:36:50
[13-Nov-2025 14:36:50 Asia/Ho_Chi_Minh] [Vehicle] Booking count result: {"count":0}
[13-Nov-2025 14:36:50 Asia/Ho_Chi_Minh] [v0] Config loaded - BASE_URL: http://localhost/xegoo
[13-Nov-2025 14:36:50 Asia/Ho_Chi_Minh] [v0] Router - About to call VehicleController::index
[13-Nov-2025 14:36:50 Asia/Ho_Chi_Minh] [Vehicle Search] SQL: SELECT p.*, lpt.tenLoaiPhuongTien, lpt.soChoMacDinh, lpt.loaiChoNgoiMacDinh, lpt.hangXe
                    FROM phuongtien p 
                    JOIN loaiphuongtien lpt ON p.maLoaiPhuongTien = lpt.maLoaiPhuongTien ORDER BY p.maPhuongTien DESC
[13-Nov-2025 14:36:50 Asia/Ho_Chi_Minh] [Vehicle Search] Params: []
[13-Nov-2025 14:36:50 Asia/Ho_Chi_Minh] [Database] Connected successfully to xegoo_db
[13-Nov-2025 14:36:50 Asia/Ho_Chi_Minh] [Vehicle Search] Results count: 6
[13-Nov-2025 14:36:50 Asia/Ho_Chi_Minh] [Vehicle Search] First few results: [{"maPhuongTien":31,"maLoaiPhuongTien":4,"bienSo":"51E-809854","trangThai":"B\u1ea3o tr\u00ec","tenLoaiPhuongTien":"Xe Gi\u01b0\u1eddng n\u1eb1m \u0111\u01a1n","soChoMacDinh":34,"loaiChoNgoiMacDinh":"Gi\u01b0\u1eddng \u0111\u01a1n","hangXe":"Thaco Mobihome"},{"maPhuongTien":30,"maLoaiPhuongTien":4,"bienSo":"51E-868761","trangThai":"\u0110ang ho\u1ea1t \u0111\u1ed9ng","tenLoaiPhuongTien":"Xe Gi\u01b0\u1eddng n\u1eb1m \u0111\u01a1n","soChoMacDinh":34,"loaiChoNgoiMacDinh":"Gi\u01b0\u1eddng \u0111\u01a1n","hangXe":"Thaco Mobihome"},{"maPhuongTien":29,"maLoaiPhuongTien":4,"bienSo":"50H-838765","trangThai":"\u0110ang ho\u1ea1t \u0111\u1ed9ng","tenLoaiPhuongTien":"Xe Gi\u01b0\u1eddng n\u1eb1m \u0111\u01a1n","soChoMacDinh":34,"loaiChoNgoiMacDinh":"Gi\u01b0\u1eddng \u0111\u01a1n","hangXe":"Thaco Mobihome"}]
[13-Nov-2025 14:36:50 Asia/Ho_Chi_Minh] [v0] Router - Controller action completed successfully
[13-Nov-2025 14:36:50 Asia/Ho_Chi_Minh] [v0] Config loaded - BASE_URL: http://localhost/xegoo
[13-Nov-2025 14:36:50 Asia/Ho_Chi_Minh] [v0] Router - About to call SearchController::cities
[13-Nov-2025 14:36:50 Asia/Ho_Chi_Minh] [Database] Connected successfully to xegoo_db
[13-Nov-2025 14:36:50 Asia/Ho_Chi_Minh] [v0] Router - Controller action completed successfully
[13-Nov-2025 14:36:56 Asia/Ho_Chi_Minh] [v0] Config loaded - BASE_URL: http://localhost/xegoo
[13-Nov-2025 14:36:56 Asia/Ho_Chi_Minh] [v0] Router - About to call VehicleController::edit
[13-Nov-2025 14:36:56 Asia/Ho_Chi_Minh] [Database] Connected successfully to xegoo_db
[13-Nov-2025 14:36:56 Asia/Ho_Chi_Minh] [v0] Router - Controller action completed successfully
[13-Nov-2025 14:36:56 Asia/Ho_Chi_Minh] [v0] Config loaded - BASE_URL: http://localhost/xegoo
[13-Nov-2025 14:36:56 Asia/Ho_Chi_Minh] [v0] Router - About to call SearchController::cities
[13-Nov-2025 14:36:56 Asia/Ho_Chi_Minh] [Database] Connected successfully to xegoo_db
[13-Nov-2025 14:36:56 Asia/Ho_Chi_Minh] [v0] Router - Controller action completed successfully
[13-Nov-2025 14:36:59 Asia/Ho_Chi_Minh] [v0] Config loaded - BASE_URL: http://localhost/xegoo
[13-Nov-2025 14:36:59 Asia/Ho_Chi_Minh] [v0] Router - About to call VehicleController::update
[13-Nov-2025 14:36:59 Asia/Ho_Chi_Minh] [Database] Connected successfully to xegoo_db
[13-Nov-2025 14:36:59 Asia/Ho_Chi_Minh] [v0] Config loaded - BASE_URL: http://localhost/xegoo
[13-Nov-2025 14:36:59 Asia/Ho_Chi_Minh] [v0] Router - About to call VehicleController::show
[13-Nov-2025 14:36:59 Asia/Ho_Chi_Minh] [Database] Connected successfully to xegoo_db
[13-Nov-2025 14:36:59 Asia/Ho_Chi_Minh] [v0] Router - Controller action completed successfully
[13-Nov-2025 14:36:59 Asia/Ho_Chi_Minh] [v0] Config loaded - BASE_URL: http://localhost/xegoo
[13-Nov-2025 14:36:59 Asia/Ho_Chi_Minh] [v0] Router - About to call SearchController::cities
[13-Nov-2025 14:36:59 Asia/Ho_Chi_Minh] [Database] Connected successfully to xegoo_db
[13-Nov-2025 14:36:59 Asia/Ho_Chi_Minh] [v0] Router - Controller action completed successfully
[13-Nov-2025 14:37:01 Asia/Ho_Chi_Minh] [v0] Config loaded - BASE_URL: http://localhost/xegoo
[13-Nov-2025 14:37:01 Asia/Ho_Chi_Minh] [v0] Router - About to call VehicleController::edit
[13-Nov-2025 14:37:01 Asia/Ho_Chi_Minh] [Database] Connected successfully to xegoo_db
[13-Nov-2025 14:37:01 Asia/Ho_Chi_Minh] [v0] Router - Controller action completed successfully
[13-Nov-2025 14:37:01 Asia/Ho_Chi_Minh] [v0] Config loaded - BASE_URL: http://localhost/xegoo
[13-Nov-2025 14:37:01 Asia/Ho_Chi_Minh] [v0] Router - About to call SearchController::cities
[13-Nov-2025 14:37:01 Asia/Ho_Chi_Minh] [Database] Connected successfully to xegoo_db
[13-Nov-2025 14:37:01 Asia/Ho_Chi_Minh] [v0] Router - Controller action completed successfully
[13-Nov-2025 14:37:04 Asia/Ho_Chi_Minh] [v0] Config loaded - BASE_URL: http://localhost/xegoo
[13-Nov-2025 14:37:04 Asia/Ho_Chi_Minh] [v0] Router - About to call VehicleController::index
[13-Nov-2025 14:37:04 Asia/Ho_Chi_Minh] [Vehicle Search] SQL: SELECT p.*, lpt.tenLoaiPhuongTien, lpt.soChoMacDinh, lpt.loaiChoNgoiMacDinh, lpt.hangXe
                    FROM phuongtien p 
                    JOIN loaiphuongtien lpt ON p.maLoaiPhuongTien = lpt.maLoaiPhuongTien ORDER BY p.maPhuongTien DESC
[13-Nov-2025 14:37:04 Asia/Ho_Chi_Minh] [Vehicle Search] Params: []
[13-Nov-2025 14:37:04 Asia/Ho_Chi_Minh] [Database] Connected successfully to xegoo_db
[13-Nov-2025 14:37:04 Asia/Ho_Chi_Minh] [Vehicle Search] Results count: 6
[13-Nov-2025 14:37:04 Asia/Ho_Chi_Minh] [Vehicle Search] First few results: [{"maPhuongTien":31,"maLoaiPhuongTien":4,"bienSo":"51E-809854","trangThai":"\u0110ang ho\u1ea1t \u0111\u1ed9ng","tenLoaiPhuongTien":"Xe Gi\u01b0\u1eddng n\u1eb1m \u0111\u01a1n","soChoMacDinh":34,"loaiChoNgoiMacDinh":"Gi\u01b0\u1eddng \u0111\u01a1n","hangXe":"Thaco Mobihome"},{"maPhuongTien":30,"maLoaiPhuongTien":4,"bienSo":"51E-868761","trangThai":"\u0110ang ho\u1ea1t \u0111\u1ed9ng","tenLoaiPhuongTien":"Xe Gi\u01b0\u1eddng n\u1eb1m \u0111\u01a1n","soChoMacDinh":34,"loaiChoNgoiMacDinh":"Gi\u01b0\u1eddng \u0111\u01a1n","hangXe":"Thaco Mobihome"},{"maPhuongTien":29,"maLoaiPhuongTien":4,"bienSo":"50H-838765","trangThai":"\u0110ang ho\u1ea1t \u0111\u1ed9ng","tenLoaiPhuongTien":"Xe Gi\u01b0\u1eddng n\u1eb1m \u0111\u01a1n","soChoMacDinh":34,"loaiChoNgoiMacDinh":"Gi\u01b0\u1eddng \u0111\u01a1n","hangXe":"Thaco Mobihome"}]
[13-Nov-2025 14:37:04 Asia/Ho_Chi_Minh] [v0] Router - Controller action completed successfully
[13-Nov-2025 14:37:04 Asia/Ho_Chi_Minh] [v0] Config loaded - BASE_URL: http://localhost/xegoo
[13-Nov-2025 14:37:04 Asia/Ho_Chi_Minh] [v0] Router - About to call SearchController::cities
[13-Nov-2025 14:37:04 Asia/Ho_Chi_Minh] [Database] Connected successfully to xegoo_db
[13-Nov-2025 14:37:04 Asia/Ho_Chi_Minh] [v0] Router - Controller action completed successfully
[13-Nov-2025 14:37:08 Asia/Ho_Chi_Minh] [v0] Config loaded - BASE_URL: http://localhost/xegoo
[13-Nov-2025 14:37:08 Asia/Ho_Chi_Minh] [v0] Router - About to call VehicleController::delete
[13-Nov-2025 14:37:08 Asia/Ho_Chi_Minh] [Database] Connected successfully to xegoo_db
[13-Nov-2025 14:37:08 Asia/Ho_Chi_Minh] [Vehicle] Checking bookings for vehicle: 26
[13-Nov-2025 14:37:08 Asia/Ho_Chi_Minh] [Vehicle] SQL Query: SELECT COUNT(DISTINCT cx.maChuyenXe) as count 
                    FROM chuyenxe cx
                    WHERE cx.maPhuongTien = ?
                    AND cx.trangThai  IN ('Sẵn sàng','Khởi hành')
                    AND cx.ngayKhoiHanh >= CURDATE()
                    AND EXISTS (
                        SELECT 1 FROM chitiet_datve cd 
                        WHERE cd.maChuyenXe = cx.maChuyenXe
                        AND cd.trangThai = 'DaThanhToan'
                    )
[13-Nov-2025 14:37:08 Asia/Ho_Chi_Minh] [Vehicle] Current date: 2025-11-13 14:37:08
[13-Nov-2025 14:37:08 Asia/Ho_Chi_Minh] [Vehicle] Booking count result: {"count":1}
[13-Nov-2025 14:37:08 Asia/Ho_Chi_Minh] [v0] Config loaded - BASE_URL: http://localhost/xegoo
[13-Nov-2025 14:37:08 Asia/Ho_Chi_Minh] [v0] Router - About to call VehicleController::show
[13-Nov-2025 14:37:08 Asia/Ho_Chi_Minh] [Database] Connected successfully to xegoo_db
[13-Nov-2025 14:37:08 Asia/Ho_Chi_Minh] [v0] Router - Controller action completed successfully
[13-Nov-2025 14:37:08 Asia/Ho_Chi_Minh] [v0] Config loaded - BASE_URL: http://localhost/xegoo
[13-Nov-2025 14:37:08 Asia/Ho_Chi_Minh] [v0] Router - About to call SearchController::cities
[13-Nov-2025 14:37:08 Asia/Ho_Chi_Minh] [Database] Connected successfully to xegoo_db
[13-Nov-2025 14:37:08 Asia/Ho_Chi_Minh] [v0] Router - Controller action completed successfully
[13-Nov-2025 14:37:13 Asia/Ho_Chi_Minh] [v0] Config loaded - BASE_URL: http://localhost/xegoo
[13-Nov-2025 14:37:13 Asia/Ho_Chi_Minh] [v0] Router - About to call VehicleController::index
[13-Nov-2025 14:37:13 Asia/Ho_Chi_Minh] [Vehicle Search] SQL: SELECT p.*, lpt.tenLoaiPhuongTien, lpt.soChoMacDinh, lpt.loaiChoNgoiMacDinh, lpt.hangXe
                    FROM phuongtien p 
                    JOIN loaiphuongtien lpt ON p.maLoaiPhuongTien = lpt.maLoaiPhuongTien ORDER BY p.maPhuongTien DESC
[13-Nov-2025 14:37:13 Asia/Ho_Chi_Minh] [Vehicle Search] Params: []
[13-Nov-2025 14:37:13 Asia/Ho_Chi_Minh] [Database] Connected successfully to xegoo_db
[13-Nov-2025 14:37:13 Asia/Ho_Chi_Minh] [Vehicle Search] Results count: 6
[13-Nov-2025 14:37:13 Asia/Ho_Chi_Minh] [Vehicle Search] First few results: [{"maPhuongTien":31,"maLoaiPhuongTien":4,"bienSo":"51E-809854","trangThai":"\u0110ang ho\u1ea1t \u0111\u1ed9ng","tenLoaiPhuongTien":"Xe Gi\u01b0\u1eddng n\u1eb1m \u0111\u01a1n","soChoMacDinh":34,"loaiChoNgoiMacDinh":"Gi\u01b0\u1eddng \u0111\u01a1n","hangXe":"Thaco Mobihome"},{"maPhuongTien":30,"maLoaiPhuongTien":4,"bienSo":"51E-868761","trangThai":"\u0110ang ho\u1ea1t \u0111\u1ed9ng","tenLoaiPhuongTien":"Xe Gi\u01b0\u1eddng n\u1eb1m \u0111\u01a1n","soChoMacDinh":34,"loaiChoNgoiMacDinh":"Gi\u01b0\u1eddng \u0111\u01a1n","hangXe":"Thaco Mobihome"},{"maPhuongTien":29,"maLoaiPhuongTien":4,"bienSo":"50H-838765","trangThai":"\u0110ang ho\u1ea1t \u0111\u1ed9ng","tenLoaiPhuongTien":"Xe Gi\u01b0\u1eddng n\u1eb1m \u0111\u01a1n","soChoMacDinh":34,"loaiChoNgoiMacDinh":"Gi\u01b0\u1eddng \u0111\u01a1n","hangXe":"Thaco Mobihome"}]
[13-Nov-2025 14:37:13 Asia/Ho_Chi_Minh] [v0] Router - Controller action completed successfully
[13-Nov-2025 14:37:13 Asia/Ho_Chi_Minh] [v0] Config loaded - BASE_URL: http://localhost/xegoo
[13-Nov-2025 14:37:13 Asia/Ho_Chi_Minh] [v0] Router - About to call SearchController::cities
[13-Nov-2025 14:37:13 Asia/Ho_Chi_Minh] [Database] Connected successfully to xegoo_db
[13-Nov-2025 14:37:13 Asia/Ho_Chi_Minh] [v0] Router - Controller action completed successfully
[13-Nov-2025 14:37:15 Asia/Ho_Chi_Minh] [v0] Config loaded - BASE_URL: http://localhost/xegoo
[13-Nov-2025 14:37:15 Asia/Ho_Chi_Minh] [v0] Router - Controller action completed successfully
[13-Nov-2025 14:37:15 Asia/Ho_Chi_Minh] [v0] Config loaded - BASE_URL: http://localhost/xegoo
[13-Nov-2025 14:37:15 Asia/Ho_Chi_Minh] [v0] Router - About to call SearchController::cities
[13-Nov-2025 14:37:15 Asia/Ho_Chi_Minh] [Database] Connected successfully to xegoo_db
[13-Nov-2025 14:37:15 Asia/Ho_Chi_Minh] [v0] Router - Controller action completed successfully
[13-Nov-2025 14:37:15 Asia/Ho_Chi_Minh] [v0] Config loaded - BASE_URL: http://localhost/xegoo
[13-Nov-2025 14:37:15 Asia/Ho_Chi_Minh] [v0] Router - About to call SearchController::cities
[13-Nov-2025 14:37:15 Asia/Ho_Chi_Minh] [Database] Connected successfully to xegoo_db
[13-Nov-2025 14:37:15 Asia/Ho_Chi_Minh] [v0] Router - Controller action completed successfully
[13-Nov-2025 14:42:12 Asia/Ho_Chi_Minh] [v0] Config loaded - BASE_URL: http://localhost/xegoo
[13-Nov-2025 14:42:12 Asia/Ho_Chi_Minh] [v0] Router - About to call StatisticsController::index
[13-Nov-2025 14:42:12 Asia/Ho_Chi_Minh] [Database] Connected successfully to xegoo_db
[13-Nov-2025 14:42:12 Asia/Ho_Chi_Minh] [v0] Router - Controller action completed successfully
[13-Nov-2025 14:42:12 Asia/Ho_Chi_Minh] [v0] Config loaded - BASE_URL: http://localhost/xegoo
[13-Nov-2025 14:42:12 Asia/Ho_Chi_Minh] [v0] Router - About to call SearchController::cities
[13-Nov-2025 14:42:12 Asia/Ho_Chi_Minh] [Database] Connected successfully to xegoo_db
[13-Nov-2025 14:42:12 Asia/Ho_Chi_Minh] [v0] Router - Controller action completed successfully
[13-Nov-2025 14:42:12 Asia/Ho_Chi_Minh] [v0] Config loaded - BASE_URL: http://localhost/xegoo
[13-Nov-2025 14:42:12 Asia/Ho_Chi_Minh] [v0] Router - About to call StatisticsController::getTripLoadFactorAjax
[13-Nov-2025 14:42:12 Asia/Ho_Chi_Minh] [Database] Connected successfully to xegoo_db
[13-Nov-2025 14:42:18 Asia/Ho_Chi_Minh] [v0] Config loaded - BASE_URL: http://localhost/xegoo
[13-Nov-2025 14:42:18 Asia/Ho_Chi_Minh] [v0] Router - About to call StatisticsController::index
[13-Nov-2025 14:42:18 Asia/Ho_Chi_Minh] [Database] Connected successfully to xegoo_db
[13-Nov-2025 14:42:18 Asia/Ho_Chi_Minh] [v0] Router - Controller action completed successfully
[13-Nov-2025 14:42:18 Asia/Ho_Chi_Minh] [v0] Config loaded - BASE_URL: http://localhost/xegoo
[13-Nov-2025 14:42:18 Asia/Ho_Chi_Minh] [v0] Router - About to call SearchController::cities
[13-Nov-2025 14:42:18 Asia/Ho_Chi_Minh] [Database] Connected successfully to xegoo_db
[13-Nov-2025 14:42:18 Asia/Ho_Chi_Minh] [v0] Router - Controller action completed successfully
[13-Nov-2025 14:42:18 Asia/Ho_Chi_Minh] [v0] Config loaded - BASE_URL: http://localhost/xegoo
[13-Nov-2025 14:42:18 Asia/Ho_Chi_Minh] [v0] Router - About to call StatisticsController::getTripLoadFactorAjax
[13-Nov-2025 14:42:18 Asia/Ho_Chi_Minh] [Database] Connected successfully to xegoo_db
[13-Nov-2025 14:42:36 Asia/Ho_Chi_Minh] [v0] Config loaded - BASE_URL: http://localhost/xegoo
[13-Nov-2025 14:42:36 Asia/Ho_Chi_Minh] [v0] Router - About to call AdminController::index
[13-Nov-2025 14:42:36 Asia/Ho_Chi_Minh] [Database] Connected successfully to xegoo_db
[13-Nov-2025 14:42:36 Asia/Ho_Chi_Minh] [AdminController] Dashboard stats: {"vehicles":6,"routes":4,"schedules":7,"trips":153,"users":14,"prices":7}
[13-Nov-2025 14:42:36 Asia/Ho_Chi_Minh] [v0] Router - Controller action completed successfully
[13-Nov-2025 14:42:36 Asia/Ho_Chi_Minh] [v0] Config loaded - BASE_URL: http://localhost/xegoo
[13-Nov-2025 14:42:36 Asia/Ho_Chi_Minh] [v0] Router - About to call SearchController::cities
[13-Nov-2025 14:42:36 Asia/Ho_Chi_Minh] [Database] Connected successfully to xegoo_db
[13-Nov-2025 14:42:36 Asia/Ho_Chi_Minh] [v0] Router - Controller action completed successfully
[13-Nov-2025 14:42:38 Asia/Ho_Chi_Minh] [v0] Config loaded - BASE_URL: http://localhost/xegoo
[13-Nov-2025 14:42:38 Asia/Ho_Chi_Minh] [v0] Router - About to call StatisticsController::index
[13-Nov-2025 14:42:38 Asia/Ho_Chi_Minh] [Database] Connected successfully to xegoo_db
[13-Nov-2025 14:42:38 Asia/Ho_Chi_Minh] [v0] Router - Controller action completed successfully
[13-Nov-2025 14:42:38 Asia/Ho_Chi_Minh] [v0] Config loaded - BASE_URL: http://localhost/xegoo
[13-Nov-2025 14:42:38 Asia/Ho_Chi_Minh] [v0] Router - About to call SearchController::cities
[13-Nov-2025 14:42:38 Asia/Ho_Chi_Minh] [Database] Connected successfully to xegoo_db
[13-Nov-2025 14:42:38 Asia/Ho_Chi_Minh] [v0] Router - Controller action completed successfully
[13-Nov-2025 14:42:38 Asia/Ho_Chi_Minh] [v0] Config loaded - BASE_URL: http://localhost/xegoo
[13-Nov-2025 14:42:38 Asia/Ho_Chi_Minh] [v0] Router - About to call StatisticsController::getTripLoadFactorAjax
[13-Nov-2025 14:42:38 Asia/Ho_Chi_Minh] [Database] Connected successfully to xegoo_db
[13-Nov-2025 14:42:47 Asia/Ho_Chi_Minh] [v0] Config loaded - BASE_URL: http://localhost/xegoo
[13-Nov-2025 14:42:47 Asia/Ho_Chi_Minh] [v0] Config loaded - BASE_URL: http://localhost/xegoo
[13-Nov-2025 14:42:47 Asia/Ho_Chi_Minh] [v0] Router - About to call SearchController::cities
[13-Nov-2025 14:42:47 Asia/Ho_Chi_Minh] [Database] Connected successfully to xegoo_db
[13-Nov-2025 14:42:47 Asia/Ho_Chi_Minh] [v0] Router - Controller action completed successfully
[13-Nov-2025 14:42:49 Asia/Ho_Chi_Minh] [v0] Config loaded - BASE_URL: http://localhost/xegoo
[13-Nov-2025 14:42:49 Asia/Ho_Chi_Minh] [v0] Router - About to call StatisticsController::index
[13-Nov-2025 14:42:49 Asia/Ho_Chi_Minh] [Database] Connected successfully to xegoo_db
[13-Nov-2025 14:42:49 Asia/Ho_Chi_Minh] [v0] Router - Controller action completed successfully
[13-Nov-2025 14:42:49 Asia/Ho_Chi_Minh] [v0] Config loaded - BASE_URL: http://localhost/xegoo
[13-Nov-2025 14:42:49 Asia/Ho_Chi_Minh] [v0] Router - About to call SearchController::cities
[13-Nov-2025 14:42:49 Asia/Ho_Chi_Minh] [Database] Connected successfully to xegoo_db
[13-Nov-2025 14:42:49 Asia/Ho_Chi_Minh] [v0] Router - Controller action completed successfully
[13-Nov-2025 14:42:49 Asia/Ho_Chi_Minh] [v0] Config loaded - BASE_URL: http://localhost/xegoo
[13-Nov-2025 14:42:49 Asia/Ho_Chi_Minh] [v0] Router - About to call StatisticsController::getTripLoadFactorAjax
[13-Nov-2025 14:42:49 Asia/Ho_Chi_Minh] [Database] Connected successfully to xegoo_db
[13-Nov-2025 14:43:01 Asia/Ho_Chi_Minh] [v0] Config loaded - BASE_URL: http://localhost/xegoo
[13-Nov-2025 14:43:01 Asia/Ho_Chi_Minh] [v0] Router - About to call AdminController::index
[13-Nov-2025 14:43:01 Asia/Ho_Chi_Minh] [Database] Connected successfully to xegoo_db
[13-Nov-2025 14:43:01 Asia/Ho_Chi_Minh] [AdminController] Dashboard stats: {"vehicles":6,"routes":4,"schedules":7,"trips":153,"users":14,"prices":7}
[13-Nov-2025 14:43:01 Asia/Ho_Chi_Minh] [v0] Router - Controller action completed successfully
[13-Nov-2025 14:43:01 Asia/Ho_Chi_Minh] [v0] Config loaded - BASE_URL: http://localhost/xegoo
[13-Nov-2025 14:43:01 Asia/Ho_Chi_Minh] [v0] Router - About to call SearchController::cities
[13-Nov-2025 14:43:01 Asia/Ho_Chi_Minh] [Database] Connected successfully to xegoo_db
[13-Nov-2025 14:43:01 Asia/Ho_Chi_Minh] [v0] Router - Controller action completed successfully
[13-Nov-2025 14:43:07 Asia/Ho_Chi_Minh] [v0] Config loaded - BASE_URL: http://localhost/xegoo
[13-Nov-2025 14:43:07 Asia/Ho_Chi_Minh] [v0] Router - About to call StatisticsController::index
[13-Nov-2025 14:43:07 Asia/Ho_Chi_Minh] [Database] Connected successfully to xegoo_db
[13-Nov-2025 14:43:07 Asia/Ho_Chi_Minh] [v0] Router - Controller action completed successfully
[13-Nov-2025 14:43:07 Asia/Ho_Chi_Minh] [v0] Config loaded - BASE_URL: http://localhost/xegoo
[13-Nov-2025 14:43:07 Asia/Ho_Chi_Minh] [v0] Router - About to call SearchController::cities
[13-Nov-2025 14:43:07 Asia/Ho_Chi_Minh] [Database] Connected successfully to xegoo_db
[13-Nov-2025 14:43:07 Asia/Ho_Chi_Minh] [v0] Router - Controller action completed successfully
[13-Nov-2025 14:43:07 Asia/Ho_Chi_Minh] [v0] Config loaded - BASE_URL: http://localhost/xegoo
[13-Nov-2025 14:43:07 Asia/Ho_Chi_Minh] [v0] Router - About to call StatisticsController::getTripLoadFactorAjax
[13-Nov-2025 14:43:07 Asia/Ho_Chi_Minh] [Database] Connected successfully to xegoo_db
[13-Nov-2025 14:43:09 Asia/Ho_Chi_Minh] [v0] Config loaded - BASE_URL: http://localhost/xegoo
[13-Nov-2025 14:43:09 Asia/Ho_Chi_Minh] [v0] Router - About to call PromotionalCodeController::index
[13-Nov-2025 14:43:09 Asia/Ho_Chi_Minh] [Database] Connected successfully to xegoo_db
[13-Nov-2025 14:43:09 Asia/Ho_Chi_Minh] [v0] Router - Controller action completed successfully
[13-Nov-2025 14:43:10 Asia/Ho_Chi_Minh] [v0] Config loaded - BASE_URL: http://localhost/xegoo
[13-Nov-2025 14:43:10 Asia/Ho_Chi_Minh] [v0] Router - About to call SearchController::cities
[13-Nov-2025 14:43:10 Asia/Ho_Chi_Minh] [Database] Connected successfully to xegoo_db
[13-Nov-2025 14:43:10 Asia/Ho_Chi_Minh] [v0] Router - Controller action completed successfully
[13-Nov-2025 14:43:12 Asia/Ho_Chi_Minh] [v0] Config loaded - BASE_URL: http://localhost/xegoo
[13-Nov-2025 14:43:12 Asia/Ho_Chi_Minh] [v0] Router - About to call StatisticsController::index
[13-Nov-2025 14:43:12 Asia/Ho_Chi_Minh] [Database] Connected successfully to xegoo_db
[13-Nov-2025 14:43:12 Asia/Ho_Chi_Minh] [v0] Router - Controller action completed successfully
[13-Nov-2025 14:43:12 Asia/Ho_Chi_Minh] [v0] Config loaded - BASE_URL: http://localhost/xegoo
[13-Nov-2025 14:43:12 Asia/Ho_Chi_Minh] [v0] Router - About to call SearchController::cities
[13-Nov-2025 14:43:12 Asia/Ho_Chi_Minh] [Database] Connected successfully to xegoo_db
[13-Nov-2025 14:43:12 Asia/Ho_Chi_Minh] [v0] Router - Controller action completed successfully
[13-Nov-2025 14:43:12 Asia/Ho_Chi_Minh] [v0] Config loaded - BASE_URL: http://localhost/xegoo
[13-Nov-2025 14:43:12 Asia/Ho_Chi_Minh] [v0] Router - About to call StatisticsController::getTripLoadFactorAjax
[13-Nov-2025 14:43:12 Asia/Ho_Chi_Minh] [Database] Connected successfully to xegoo_db
[13-Nov-2025 14:43:18 Asia/Ho_Chi_Minh] [v0] Config loaded - BASE_URL: http://localhost/xegoo
[13-Nov-2025 14:43:18 Asia/Ho_Chi_Minh] [v0] Config loaded - BASE_URL: http://localhost/xegoo
[13-Nov-2025 14:43:18 Asia/Ho_Chi_Minh] [v0] Router - About to call SearchController::cities
[13-Nov-2025 14:43:18 Asia/Ho_Chi_Minh] [Database] Connected successfully to xegoo_db
[13-Nov-2025 14:43:18 Asia/Ho_Chi_Minh] [v0] Router - Controller action completed successfully
[13-Nov-2025 14:43:20 Asia/Ho_Chi_Minh] [v0] Config loaded - BASE_URL: http://localhost/xegoo
[13-Nov-2025 14:43:20 Asia/Ho_Chi_Minh] [v0] Router - About to call StatisticsController::index
[13-Nov-2025 14:43:20 Asia/Ho_Chi_Minh] [Database] Connected successfully to xegoo_db
[13-Nov-2025 14:43:20 Asia/Ho_Chi_Minh] [v0] Router - Controller action completed successfully
[13-Nov-2025 14:43:20 Asia/Ho_Chi_Minh] [v0] Config loaded - BASE_URL: http://localhost/xegoo
[13-Nov-2025 14:43:20 Asia/Ho_Chi_Minh] [v0] Router - About to call SearchController::cities
[13-Nov-2025 14:43:20 Asia/Ho_Chi_Minh] [Database] Connected successfully to xegoo_db
[13-Nov-2025 14:43:20 Asia/Ho_Chi_Minh] [v0] Router - Controller action completed successfully
[13-Nov-2025 14:43:20 Asia/Ho_Chi_Minh] [v0] Config loaded - BASE_URL: http://localhost/xegoo
[13-Nov-2025 14:43:20 Asia/Ho_Chi_Minh] [v0] Router - About to call StatisticsController::getTripLoadFactorAjax
[13-Nov-2025 14:43:20 Asia/Ho_Chi_Minh] [Database] Connected successfully to xegoo_db
[13-Nov-2025 14:43:32 Asia/Ho_Chi_Minh] [v0] Config loaded - BASE_URL: http://localhost/xegoo
[13-Nov-2025 14:43:32 Asia/Ho_Chi_Minh] [v0] Router - About to call StatisticsController::getTripLoadFactorAjax
[13-Nov-2025 14:43:32 Asia/Ho_Chi_Minh] [Database] Connected successfully to xegoo_db
[13-Nov-2025 14:43:39 Asia/Ho_Chi_Minh] [v0] Config loaded - BASE_URL: http://localhost/xegoo
[13-Nov-2025 14:43:39 Asia/Ho_Chi_Minh] [v0] Router - About to call StatisticsController::index
[13-Nov-2025 14:43:39 Asia/Ho_Chi_Minh] [Database] Connected successfully to xegoo_db
[13-Nov-2025 14:43:39 Asia/Ho_Chi_Minh] [v0] Router - Controller action completed successfully
[13-Nov-2025 14:43:40 Asia/Ho_Chi_Minh] [v0] Config loaded - BASE_URL: http://localhost/xegoo
[13-Nov-2025 14:43:40 Asia/Ho_Chi_Minh] [v0] Router - About to call SearchController::cities
[13-Nov-2025 14:43:40 Asia/Ho_Chi_Minh] [Database] Connected successfully to xegoo_db
[13-Nov-2025 14:43:40 Asia/Ho_Chi_Minh] [v0] Router - Controller action completed successfully
[13-Nov-2025 14:43:40 Asia/Ho_Chi_Minh] [v0] Config loaded - BASE_URL: http://localhost/xegoo
[13-Nov-2025 14:43:40 Asia/Ho_Chi_Minh] [v0] Router - About to call StatisticsController::getTripLoadFactorAjax
[13-Nov-2025 14:43:40 Asia/Ho_Chi_Minh] [Database] Connected successfully to xegoo_db
[13-Nov-2025 14:44:57 Asia/Ho_Chi_Minh] [v0] Config loaded - BASE_URL: http://localhost/xegoo
[13-Nov-2025 14:44:57 Asia/Ho_Chi_Minh] [v0] Router - Controller action completed successfully
[13-Nov-2025 14:44:57 Asia/Ho_Chi_Minh] [v0] Config loaded - BASE_URL: http://localhost/xegoo
[13-Nov-2025 14:44:57 Asia/Ho_Chi_Minh] [v0] Router - About to call SearchController::cities
[13-Nov-2025 14:44:57 Asia/Ho_Chi_Minh] [Database] Connected successfully to xegoo_db
[13-Nov-2025 14:44:57 Asia/Ho_Chi_Minh] [v0] Router - Controller action completed successfully
[13-Nov-2025 14:44:57 Asia/Ho_Chi_Minh] [v0] Config loaded - BASE_URL: http://localhost/xegoo
[13-Nov-2025 14:44:57 Asia/Ho_Chi_Minh] [v0] Router - About to call SearchController::cities
[13-Nov-2025 14:44:57 Asia/Ho_Chi_Minh] [Database] Connected successfully to xegoo_db
[13-Nov-2025 14:44:57 Asia/Ho_Chi_Minh] [v0] Router - Controller action completed successfully
[13-Nov-2025 14:44:59 Asia/Ho_Chi_Minh] [v0] Config loaded - BASE_URL: http://localhost/xegoo
[13-Nov-2025 14:44:59 Asia/Ho_Chi_Minh] [v0] Router - About to call AdminController::index
[13-Nov-2025 14:44:59 Asia/Ho_Chi_Minh] [Database] Connected successfully to xegoo_db
[13-Nov-2025 14:44:59 Asia/Ho_Chi_Minh] [AdminController] Dashboard stats: {"vehicles":6,"routes":4,"schedules":7,"trips":153,"users":14,"prices":7}
[13-Nov-2025 14:44:59 Asia/Ho_Chi_Minh] [v0] Router - Controller action completed successfully
[13-Nov-2025 14:44:59 Asia/Ho_Chi_Minh] [v0] Config loaded - BASE_URL: http://localhost/xegoo
[13-Nov-2025 14:44:59 Asia/Ho_Chi_Minh] [v0] Router - About to call SearchController::cities
[13-Nov-2025 14:44:59 Asia/Ho_Chi_Minh] [Database] Connected successfully to xegoo_db
[13-Nov-2025 14:44:59 Asia/Ho_Chi_Minh] [v0] Router - Controller action completed successfully
[13-Nov-2025 14:45:00 Asia/Ho_Chi_Minh] [v0] Config loaded - BASE_URL: http://localhost/xegoo
[13-Nov-2025 14:45:00 Asia/Ho_Chi_Minh] [v0] Router - About to call StatisticsController::index
[13-Nov-2025 14:45:00 Asia/Ho_Chi_Minh] [Database] Connected successfully to xegoo_db
[13-Nov-2025 14:45:00 Asia/Ho_Chi_Minh] [v0] Router - Controller action completed successfully
[13-Nov-2025 14:45:00 Asia/Ho_Chi_Minh] [v0] Config loaded - BASE_URL: http://localhost/xegoo
[13-Nov-2025 14:45:00 Asia/Ho_Chi_Minh] [v0] Router - About to call SearchController::cities
[13-Nov-2025 14:45:00 Asia/Ho_Chi_Minh] [Database] Connected successfully to xegoo_db
[13-Nov-2025 14:45:00 Asia/Ho_Chi_Minh] [v0] Router - Controller action completed successfully
[13-Nov-2025 14:45:00 Asia/Ho_Chi_Minh] [v0] Config loaded - BASE_URL: http://localhost/xegoo
[13-Nov-2025 14:45:00 Asia/Ho_Chi_Minh] [v0] Router - About to call StatisticsController::getTripLoadFactorAjax
[13-Nov-2025 14:45:00 Asia/Ho_Chi_Minh] [Database] Connected successfully to xegoo_db
[13-Nov-2025 14:45:38 Asia/Ho_Chi_Minh] [v0] Config loaded - BASE_URL: http://localhost/xegoo
[13-Nov-2025 14:45:38 Asia/Ho_Chi_Minh] [v0] Router - About to call StatisticsController::getTripLoadFactorAjax
[13-Nov-2025 14:45:38 Asia/Ho_Chi_Minh] [Database] Connected successfully to xegoo_db
[13-Nov-2025 14:45:41 Asia/Ho_Chi_Minh] [v0] Config loaded - BASE_URL: http://localhost/xegoo
[13-Nov-2025 14:45:41 Asia/Ho_Chi_Minh] [v0] Router - About to call StatisticsController::getTripLoadFactorAjax
[13-Nov-2025 14:45:41 Asia/Ho_Chi_Minh] [Database] Connected successfully to xegoo_db
[13-Nov-2025 14:45:44 Asia/Ho_Chi_Minh] [v0] Config loaded - BASE_URL: http://localhost/xegoo
[13-Nov-2025 14:45:44 Asia/Ho_Chi_Minh] [v0] Router - About to call StatisticsController::getTripLoadFactorAjax
[13-Nov-2025 14:45:44 Asia/Ho_Chi_Minh] [Database] Connected successfully to xegoo_db
[13-Nov-2025 14:45:50 Asia/Ho_Chi_Minh] [v0] Config loaded - BASE_URL: http://localhost/xegoo
[13-Nov-2025 14:45:50 Asia/Ho_Chi_Minh] [v0] Router - About to call StatisticsController::getTripLoadFactorAjax
[13-Nov-2025 14:45:50 Asia/Ho_Chi_Minh] [Database] Connected successfully to xegoo_db
[13-Nov-2025 14:45:58 Asia/Ho_Chi_Minh] [v0] Config loaded - BASE_URL: http://localhost/xegoo
[13-Nov-2025 14:45:58 Asia/Ho_Chi_Minh] [v0] Router - About to call AdminController::index
[13-Nov-2025 14:45:58 Asia/Ho_Chi_Minh] [Database] Connected successfully to xegoo_db
[13-Nov-2025 14:45:58 Asia/Ho_Chi_Minh] [AdminController] Dashboard stats: {"vehicles":6,"routes":4,"schedules":7,"trips":153,"users":14,"prices":7}
[13-Nov-2025 14:45:58 Asia/Ho_Chi_Minh] [v0] Router - Controller action completed successfully
[13-Nov-2025 14:45:58 Asia/Ho_Chi_Minh] [v0] Config loaded - BASE_URL: http://localhost/xegoo
[13-Nov-2025 14:45:58 Asia/Ho_Chi_Minh] [v0] Router - About to call SearchController::cities
[13-Nov-2025 14:45:59 Asia/Ho_Chi_Minh] [Database] Connected successfully to xegoo_db
[13-Nov-2025 14:45:59 Asia/Ho_Chi_Minh] [v0] Router - Controller action completed successfully
[13-Nov-2025 14:46:01 Asia/Ho_Chi_Minh] [v0] Config loaded - BASE_URL: http://localhost/xegoo
[13-Nov-2025 14:46:01 Asia/Ho_Chi_Minh] [v0] Router - About to call StatisticsController::index
[13-Nov-2025 14:46:01 Asia/Ho_Chi_Minh] [Database] Connected successfully to xegoo_db
[13-Nov-2025 14:46:01 Asia/Ho_Chi_Minh] [v0] Router - Controller action completed successfully
[13-Nov-2025 14:46:01 Asia/Ho_Chi_Minh] [v0] Config loaded - BASE_URL: http://localhost/xegoo
[13-Nov-2025 14:46:01 Asia/Ho_Chi_Minh] [v0] Router - About to call SearchController::cities
[13-Nov-2025 14:46:01 Asia/Ho_Chi_Minh] [Database] Connected successfully to xegoo_db
[13-Nov-2025 14:46:01 Asia/Ho_Chi_Minh] [v0] Router - Controller action completed successfully
[13-Nov-2025 14:46:01 Asia/Ho_Chi_Minh] [v0] Config loaded - BASE_URL: http://localhost/xegoo
[13-Nov-2025 14:46:01 Asia/Ho_Chi_Minh] [v0] Router - About to call StatisticsController::getTripLoadFactorAjax
[13-Nov-2025 14:46:01 Asia/Ho_Chi_Minh] [Database] Connected successfully to xegoo_db
[13-Nov-2025 14:46:22 Asia/Ho_Chi_Minh] [v0] Config loaded - BASE_URL: http://localhost/xegoo
[13-Nov-2025 14:46:22 Asia/Ho_Chi_Minh] [v0] Router - About to call StatisticsController::index
[13-Nov-2025 14:46:22 Asia/Ho_Chi_Minh] [Database] Connected successfully to xegoo_db
[13-Nov-2025 14:46:22 Asia/Ho_Chi_Minh] [v0] Router - Controller action completed successfully
[13-Nov-2025 14:49:52 Asia/Ho_Chi_Minh] [v0] Config loaded - BASE_URL: http://localhost/xegoo
[13-Nov-2025 14:49:52 Asia/Ho_Chi_Minh] [v0] Router - About to call StatisticsController::index
[13-Nov-2025 14:49:52 Asia/Ho_Chi_Minh] [Database] Connected successfully to xegoo_db
[13-Nov-2025 14:49:52 Asia/Ho_Chi_Minh] [v0] Router - Controller action completed successfully
[13-Nov-2025 14:49:52 Asia/Ho_Chi_Minh] [v0] Config loaded - BASE_URL: http://localhost/xegoo
[13-Nov-2025 14:49:52 Asia/Ho_Chi_Minh] [v0] Router - About to call SearchController::cities
[13-Nov-2025 14:49:52 Asia/Ho_Chi_Minh] [Database] Connected successfully to xegoo_db
[13-Nov-2025 14:49:52 Asia/Ho_Chi_Minh] [v0] Router - Controller action completed successfully
[13-Nov-2025 14:49:52 Asia/Ho_Chi_Minh] [v0] Config loaded - BASE_URL: http://localhost/xegoo
[13-Nov-2025 14:49:52 Asia/Ho_Chi_Minh] [v0] Router - About to call StatisticsController::getTripLoadFactorAjax
[13-Nov-2025 14:49:52 Asia/Ho_Chi_Minh] [Database] Connected successfully to xegoo_db
[13-Nov-2025 14:50:24 Asia/Ho_Chi_Minh] [v0] Config loaded - BASE_URL: http://localhost/xegoo
[13-Nov-2025 14:50:24 Asia/Ho_Chi_Minh] [v0] Router - About to call StatisticsController::index
[13-Nov-2025 14:50:24 Asia/Ho_Chi_Minh] [Database] Connected successfully to xegoo_db
[13-Nov-2025 14:50:24 Asia/Ho_Chi_Minh] [v0] Router - Controller action completed successfully
[13-Nov-2025 14:50:24 Asia/Ho_Chi_Minh] [v0] Config loaded - BASE_URL: http://localhost/xegoo
[13-Nov-2025 14:50:24 Asia/Ho_Chi_Minh] [v0] Router - About to call SearchController::cities
[13-Nov-2025 14:50:24 Asia/Ho_Chi_Minh] [Database] Connected successfully to xegoo_db
[13-Nov-2025 14:50:24 Asia/Ho_Chi_Minh] [v0] Router - Controller action completed successfully
[13-Nov-2025 14:50:24 Asia/Ho_Chi_Minh] [v0] Config loaded - BASE_URL: http://localhost/xegoo
[13-Nov-2025 14:50:24 Asia/Ho_Chi_Minh] [v0] Router - About to call StatisticsController::getTripLoadFactorAjax
[13-Nov-2025 14:50:24 Asia/Ho_Chi_Minh] [Database] Connected successfully to xegoo_db
[13-Nov-2025 14:51:02 Asia/Ho_Chi_Minh] [v0] Config loaded - BASE_URL: http://localhost/xegoo
[13-Nov-2025 14:51:02 Asia/Ho_Chi_Minh] [v0] Router - About to call StatisticsController::index
[13-Nov-2025 14:51:02 Asia/Ho_Chi_Minh] [Database] Connected successfully to xegoo_db
[13-Nov-2025 14:51:02 Asia/Ho_Chi_Minh] [v0] Router - Controller action completed successfully
[13-Nov-2025 14:51:02 Asia/Ho_Chi_Minh] [v0] Config loaded - BASE_URL: http://localhost/xegoo
[13-Nov-2025 14:51:02 Asia/Ho_Chi_Minh] [v0] Router - About to call SearchController::cities
[13-Nov-2025 14:51:02 Asia/Ho_Chi_Minh] [Database] Connected successfully to xegoo_db
[13-Nov-2025 14:51:02 Asia/Ho_Chi_Minh] [v0] Router - Controller action completed successfully
[13-Nov-2025 14:51:02 Asia/Ho_Chi_Minh] [v0] Config loaded - BASE_URL: http://localhost/xegoo
[13-Nov-2025 14:51:02 Asia/Ho_Chi_Minh] [v0] Router - About to call StatisticsController::getTripLoadFactorAjax
[13-Nov-2025 14:51:02 Asia/Ho_Chi_Minh] [Database] Connected successfully to xegoo_db
[13-Nov-2025 14:51:15 Asia/Ho_Chi_Minh] [v0] Config loaded - BASE_URL: http://localhost/xegoo
[13-Nov-2025 14:51:15 Asia/Ho_Chi_Minh] [v0] Router - About to call StatisticsController::index
[13-Nov-2025 14:51:15 Asia/Ho_Chi_Minh] [Database] Connected successfully to xegoo_db
[13-Nov-2025 14:51:15 Asia/Ho_Chi_Minh] [v0] Router - Controller action completed successfully
[13-Nov-2025 14:51:15 Asia/Ho_Chi_Minh] [v0] Config loaded - BASE_URL: http://localhost/xegoo
[13-Nov-2025 14:51:15 Asia/Ho_Chi_Minh] [v0] Router - About to call SearchController::cities
[13-Nov-2025 14:51:15 Asia/Ho_Chi_Minh] [Database] Connected successfully to xegoo_db
[13-Nov-2025 14:51:15 Asia/Ho_Chi_Minh] [v0] Router - Controller action completed successfully
[13-Nov-2025 14:51:15 Asia/Ho_Chi_Minh] [v0] Config loaded - BASE_URL: http://localhost/xegoo
[13-Nov-2025 14:51:15 Asia/Ho_Chi_Minh] [v0] Router - About to call StatisticsController::getTripLoadFactorAjax
[13-Nov-2025 14:51:15 Asia/Ho_Chi_Minh] [Database] Connected successfully to xegoo_db
[13-Nov-2025 14:51:50 Asia/Ho_Chi_Minh] [v0] Config loaded - BASE_URL: http://localhost/xegoo
[13-Nov-2025 14:51:50 Asia/Ho_Chi_Minh] [v0] Router - About to call StatisticsController::index
[13-Nov-2025 14:51:50 Asia/Ho_Chi_Minh] [Database] Connected successfully to xegoo_db
[13-Nov-2025 14:51:50 Asia/Ho_Chi_Minh] [v0] Router - Controller action completed successfully
[13-Nov-2025 14:51:51 Asia/Ho_Chi_Minh] [v0] Config loaded - BASE_URL: http://localhost/xegoo
[13-Nov-2025 14:51:51 Asia/Ho_Chi_Minh] [v0] Router - About to call SearchController::cities
[13-Nov-2025 14:51:51 Asia/Ho_Chi_Minh] [Database] Connected successfully to xegoo_db
[13-Nov-2025 14:51:51 Asia/Ho_Chi_Minh] [v0] Router - Controller action completed successfully
[13-Nov-2025 14:51:51 Asia/Ho_Chi_Minh] [v0] Config loaded - BASE_URL: http://localhost/xegoo
[13-Nov-2025 14:51:51 Asia/Ho_Chi_Minh] [v0] Router - About to call StatisticsController::getTripLoadFactorAjax
[13-Nov-2025 14:51:51 Asia/Ho_Chi_Minh] [Database] Connected successfully to xegoo_db
[13-Nov-2025 14:56:54 Asia/Ho_Chi_Minh] [v0] Config loaded - BASE_URL: http://localhost/xegoo
[13-Nov-2025 14:56:54 Asia/Ho_Chi_Minh] [v0] Router - About to call StatisticsController::index
[13-Nov-2025 14:56:54 Asia/Ho_Chi_Minh] [Database] Connected successfully to xegoo_db
[13-Nov-2025 14:56:54 Asia/Ho_Chi_Minh] [v0] Router - Controller action completed successfully
[13-Nov-2025 14:56:54 Asia/Ho_Chi_Minh] [v0] Config loaded - BASE_URL: http://localhost/xegoo
[13-Nov-2025 14:56:54 Asia/Ho_Chi_Minh] [v0] Router - About to call SearchController::cities
[13-Nov-2025 14:56:54 Asia/Ho_Chi_Minh] [Database] Connected successfully to xegoo_db
[13-Nov-2025 14:56:54 Asia/Ho_Chi_Minh] [v0] Router - Controller action completed successfully
[13-Nov-2025 14:56:54 Asia/Ho_Chi_Minh] [v0] Config loaded - BASE_URL: http://localhost/xegoo
[13-Nov-2025 14:56:54 Asia/Ho_Chi_Minh] [v0] Router - About to call StatisticsController::getTripLoadFactorAjax
[13-Nov-2025 14:56:54 Asia/Ho_Chi_Minh] [Database] Connected successfully to xegoo_db
[13-Nov-2025 14:59:35 Asia/Ho_Chi_Minh] [v0] Config loaded - BASE_URL: http://localhost/xegoo
[13-Nov-2025 14:59:35 Asia/Ho_Chi_Minh] [v0] Router - About to call StatisticsController::index
[13-Nov-2025 14:59:35 Asia/Ho_Chi_Minh] [Database] Connected successfully to xegoo_db
[13-Nov-2025 14:59:35 Asia/Ho_Chi_Minh] [v0] Router - Controller action completed successfully
[13-Nov-2025 14:59:35 Asia/Ho_Chi_Minh] [v0] Config loaded - BASE_URL: http://localhost/xegoo
[13-Nov-2025 14:59:35 Asia/Ho_Chi_Minh] [v0] Router - About to call SearchController::cities
[13-Nov-2025 14:59:35 Asia/Ho_Chi_Minh] [Database] Connected successfully to xegoo_db
[13-Nov-2025 14:59:35 Asia/Ho_Chi_Minh] [v0] Router - Controller action completed successfully
[13-Nov-2025 14:59:35 Asia/Ho_Chi_Minh] [v0] Config loaded - BASE_URL: http://localhost/xegoo
[13-Nov-2025 14:59:35 Asia/Ho_Chi_Minh] [v0] Router - About to call StatisticsController::getTripLoadFactorAjax
[13-Nov-2025 14:59:35 Asia/Ho_Chi_Minh] [Database] Connected successfully to xegoo_db
[13-Nov-2025 14:59:43 Asia/Ho_Chi_Minh] [v0] Config loaded - BASE_URL: http://localhost/xegoo
[13-Nov-2025 14:59:43 Asia/Ho_Chi_Minh] [v0] Router - About to call StatisticsController::index
[13-Nov-2025 14:59:43 Asia/Ho_Chi_Minh] [Database] Connected successfully to xegoo_db
[13-Nov-2025 14:59:43 Asia/Ho_Chi_Minh] [v0] Router - Controller action completed successfully
[13-Nov-2025 14:59:43 Asia/Ho_Chi_Minh] [v0] Config loaded - BASE_URL: http://localhost/xegoo
[13-Nov-2025 14:59:43 Asia/Ho_Chi_Minh] [v0] Router - About to call SearchController::cities
[13-Nov-2025 14:59:43 Asia/Ho_Chi_Minh] [Database] Connected successfully to xegoo_db
[13-Nov-2025 14:59:43 Asia/Ho_Chi_Minh] [v0] Router - Controller action completed successfully
[13-Nov-2025 14:59:43 Asia/Ho_Chi_Minh] [v0] Config loaded - BASE_URL: http://localhost/xegoo
[13-Nov-2025 14:59:43 Asia/Ho_Chi_Minh] [v0] Router - About to call StatisticsController::getTripLoadFactorAjax
[13-Nov-2025 14:59:43 Asia/Ho_Chi_Minh] [Database] Connected successfully to xegoo_db
[13-Nov-2025 15:00:55 Asia/Ho_Chi_Minh] [v0] Config loaded - BASE_URL: http://localhost/xegoo
[13-Nov-2025 15:00:55 Asia/Ho_Chi_Minh] [v0] Router - About to call StatisticsController::index
[13-Nov-2025 15:00:55 Asia/Ho_Chi_Minh] [Database] Connected successfully to xegoo_db
[13-Nov-2025 15:00:55 Asia/Ho_Chi_Minh] [v0] Router - Controller action completed successfully
[13-Nov-2025 15:00:55 Asia/Ho_Chi_Minh] [v0] Config loaded - BASE_URL: http://localhost/xegoo
[13-Nov-2025 15:00:55 Asia/Ho_Chi_Minh] [v0] Router - About to call SearchController::cities
[13-Nov-2025 15:00:55 Asia/Ho_Chi_Minh] [Database] Connected successfully to xegoo_db
[13-Nov-2025 15:00:55 Asia/Ho_Chi_Minh] [v0] Router - Controller action completed successfully
[13-Nov-2025 15:00:55 Asia/Ho_Chi_Minh] [v0] Config loaded - BASE_URL: http://localhost/xegoo
[13-Nov-2025 15:00:55 Asia/Ho_Chi_Minh] [v0] Router - About to call StatisticsController::getTripLoadFactorAjax
[13-Nov-2025 15:00:55 Asia/Ho_Chi_Minh] [Database] Connected successfully to xegoo_db
[13-Nov-2025 15:01:32 Asia/Ho_Chi_Minh] [v0] Config loaded - BASE_URL: http://localhost/xegoo
[13-Nov-2025 15:01:32 Asia/Ho_Chi_Minh] [v0] Router - About to call StatisticsController::index
[13-Nov-2025 15:01:32 Asia/Ho_Chi_Minh] [Database] Connected successfully to xegoo_db
[13-Nov-2025 15:01:32 Asia/Ho_Chi_Minh] [v0] Router - Controller action completed successfully
[13-Nov-2025 15:01:32 Asia/Ho_Chi_Minh] [v0] Config loaded - BASE_URL: http://localhost/xegoo
[13-Nov-2025 15:01:32 Asia/Ho_Chi_Minh] [v0] Router - About to call SearchController::cities
[13-Nov-2025 15:01:32 Asia/Ho_Chi_Minh] [Database] Connected successfully to xegoo_db
[13-Nov-2025 15:01:32 Asia/Ho_Chi_Minh] [v0] Router - Controller action completed successfully
[13-Nov-2025 15:01:32 Asia/Ho_Chi_Minh] [v0] Config loaded - BASE_URL: http://localhost/xegoo
[13-Nov-2025 15:01:32 Asia/Ho_Chi_Minh] [v0] Router - About to call StatisticsController::getTripLoadFactorAjax
[13-Nov-2025 15:01:32 Asia/Ho_Chi_Minh] [Database] Connected successfully to xegoo_db
[13-Nov-2025 15:02:22 Asia/Ho_Chi_Minh] [v0] Config loaded - BASE_URL: http://localhost/xegoo
[13-Nov-2025 15:02:22 Asia/Ho_Chi_Minh] [v0] Router - About to call StatisticsController::getTripLoadFactorAjax
[13-Nov-2025 15:02:22 Asia/Ho_Chi_Minh] [Database] Connected successfully to xegoo_db
[13-Nov-2025 15:02:24 Asia/Ho_Chi_Minh] [v0] Config loaded - BASE_URL: http://localhost/xegoo
[13-Nov-2025 15:02:24 Asia/Ho_Chi_Minh] [v0] Router - About to call StatisticsController::getTripLoadFactorAjax
[13-Nov-2025 15:02:24 Asia/Ho_Chi_Minh] [Database] Connected successfully to xegoo_db
[13-Nov-2025 15:02:26 Asia/Ho_Chi_Minh] [v0] Config loaded - BASE_URL: http://localhost/xegoo
[13-Nov-2025 15:02:26 Asia/Ho_Chi_Minh] [v0] Router - About to call StatisticsController::getTripLoadFactorAjax
[13-Nov-2025 15:02:26 Asia/Ho_Chi_Minh] [Database] Connected successfully to xegoo_db
[13-Nov-2025 15:02:28 Asia/Ho_Chi_Minh] [v0] Config loaded - BASE_URL: http://localhost/xegoo
[13-Nov-2025 15:02:28 Asia/Ho_Chi_Minh] [v0] Router - About to call StatisticsController::getTripLoadFactorAjax
[13-Nov-2025 15:02:28 Asia/Ho_Chi_Minh] [Database] Connected successfully to xegoo_db
[13-Nov-2025 15:02:30 Asia/Ho_Chi_Minh] [v0] Config loaded - BASE_URL: http://localhost/xegoo
[13-Nov-2025 15:02:30 Asia/Ho_Chi_Minh] [v0] Router - About to call StatisticsController::getTripLoadFactorAjax
[13-Nov-2025 15:02:30 Asia/Ho_Chi_Minh] [Database] Connected successfully to xegoo_db
[13-Nov-2025 15:02:32 Asia/Ho_Chi_Minh] [v0] Config loaded - BASE_URL: http://localhost/xegoo
[13-Nov-2025 15:02:32 Asia/Ho_Chi_Minh] [v0] Router - About to call StatisticsController::getTripLoadFactorAjax
[13-Nov-2025 15:02:32 Asia/Ho_Chi_Minh] [Database] Connected successfully to xegoo_db
[13-Nov-2025 15:02:33 Asia/Ho_Chi_Minh] [v0] Config loaded - BASE_URL: http://localhost/xegoo
[13-Nov-2025 15:02:33 Asia/Ho_Chi_Minh] [v0] Router - About to call StatisticsController::getTripLoadFactorAjax
[13-Nov-2025 15:02:33 Asia/Ho_Chi_Minh] [Database] Connected successfully to xegoo_db
[13-Nov-2025 15:02:35 Asia/Ho_Chi_Minh] [v0] Config loaded - BASE_URL: http://localhost/xegoo
[13-Nov-2025 15:02:35 Asia/Ho_Chi_Minh] [v0] Router - About to call StatisticsController::getTripLoadFactorAjax
[13-Nov-2025 15:02:35 Asia/Ho_Chi_Minh] [Database] Connected successfully to xegoo_db
[13-Nov-2025 15:02:40 Asia/Ho_Chi_Minh] [v0] Config loaded - BASE_URL: http://localhost/xegoo
[13-Nov-2025 15:02:40 Asia/Ho_Chi_Minh] [v0] Router - About to call StatisticsController::getTripLoadFactorAjax
[13-Nov-2025 15:02:40 Asia/Ho_Chi_Minh] [Database] Connected successfully to xegoo_db
[13-Nov-2025 15:02:42 Asia/Ho_Chi_Minh] [v0] Config loaded - BASE_URL: http://localhost/xegoo
[13-Nov-2025 15:02:42 Asia/Ho_Chi_Minh] [v0] Router - About to call StatisticsController::getTripLoadFactorAjax
[13-Nov-2025 15:02:42 Asia/Ho_Chi_Minh] [Database] Connected successfully to xegoo_db
[13-Nov-2025 15:02:47 Asia/Ho_Chi_Minh] [v0] Config loaded - BASE_URL: http://localhost/xegoo
[13-Nov-2025 15:02:47 Asia/Ho_Chi_Minh] [v0] Router - Controller action completed successfully
[13-Nov-2025 15:02:47 Asia/Ho_Chi_Minh] [v0] Config loaded - BASE_URL: http://localhost/xegoo
[13-Nov-2025 15:02:47 Asia/Ho_Chi_Minh] [v0] Router - About to call SearchController::cities
[13-Nov-2025 15:02:47 Asia/Ho_Chi_Minh] [Database] Connected successfully to xegoo_db
[13-Nov-2025 15:02:47 Asia/Ho_Chi_Minh] [v0] Router - Controller action completed successfully
[13-Nov-2025 15:02:47 Asia/Ho_Chi_Minh] [v0] Config loaded - BASE_URL: http://localhost/xegoo
[13-Nov-2025 15:02:47 Asia/Ho_Chi_Minh] [v0] Router - About to call SearchController::cities
[13-Nov-2025 15:02:47 Asia/Ho_Chi_Minh] [Database] Connected successfully to xegoo_db
[13-Nov-2025 15:02:47 Asia/Ho_Chi_Minh] [v0] Router - Controller action completed successfully
[13-Nov-2025 15:02:50 Asia/Ho_Chi_Minh] [v0] Config loaded - BASE_URL: http://localhost/xegoo
[13-Nov-2025 15:02:50 Asia/Ho_Chi_Minh] [v0] Router - Controller action completed successfully
[13-Nov-2025 15:02:50 Asia/Ho_Chi_Minh] [v0] Config loaded - BASE_URL: http://localhost/xegoo
[13-Nov-2025 15:02:50 Asia/Ho_Chi_Minh] [v0] Router - About to call SearchController::cities
[13-Nov-2025 15:02:50 Asia/Ho_Chi_Minh] [Database] Connected successfully to xegoo_db
[13-Nov-2025 15:02:50 Asia/Ho_Chi_Minh] [v0] Router - Controller action completed successfully
[13-Nov-2025 15:02:52 Asia/Ho_Chi_Minh] [v0] Config loaded - BASE_URL: http://localhost/xegoo
[13-Nov-2025 15:02:52 Asia/Ho_Chi_Minh] [v0] Router - Controller action completed successfully
[13-Nov-2025 15:02:52 Asia/Ho_Chi_Minh] [v0] Config loaded - BASE_URL: http://localhost/xegoo
[13-Nov-2025 15:02:52 Asia/Ho_Chi_Minh] [v0] Router - About to call SearchController::cities
[13-Nov-2025 15:02:52 Asia/Ho_Chi_Minh] [Database] Connected successfully to xegoo_db
[13-Nov-2025 15:02:52 Asia/Ho_Chi_Minh] [v0] Router - Controller action completed successfully
[13-Nov-2025 15:02:52 Asia/Ho_Chi_Minh] [v0] Config loaded - BASE_URL: http://localhost/xegoo
[13-Nov-2025 15:02:52 Asia/Ho_Chi_Minh] [v0] Router - About to call SearchController::cities
[13-Nov-2025 15:02:52 Asia/Ho_Chi_Minh] [Database] Connected successfully to xegoo_db
[13-Nov-2025 15:02:52 Asia/Ho_Chi_Minh] [v0] Router - Controller action completed successfully
